[22:00:40.188] ALBON (23) | SPD: 285 | STATUS: NOMINAL
[22:00:51.581] SAINZ (55) | BRK: 115 | STATUS: WARNING: HEAVY BRAKING
[22:01:02.427] ALBON (23) | SPD: 378 | STATUS: WARNING: OVERSPEED
[22:04:17.380] SAINZ | GFC: 3.5 | STATUS: NOMINAL
[22:04:28.327] ALBON | SPD: 378 | STATUS: WARNING: OVERSPEED
[22:04:35.126] ALBON | GFC: 5.5 | STATUS: WARNING: HIGH G-LOAD
[22:05:08.297] TEST_BENCH | SPD: 370 | STATUS: WARNING: OVERSPEED
[22:09:35.101] TEST_BENCH (#0) | SPD: 370 | STATUS: WARNING: OVERSPEED
[22:09:56.946] TEST_BENCH (#0) | GFC: 8 | STATUS: WARNING: HIGH G-LOAD
[22:10:16.073] SAINZ (#55) | BRK: 89 | STATUS: NOMINAL
[20:53:52.155] SAINZ (#55) | GFC: 3.0 | STATUS: NOMINAL
[20:54:13.576] TEST_BENCH (#0) | SPD: 375 | STATUS: WARNING: OVERSPEED
[10:24:52.728] SAINZ (#55) | SPD: 155 | STATUS: NOMINAL
[10:25:00.097] TEST_BENCH (#0) | BRK: 79 | STATUS: NOMINAL
[10:25:13.808] ALBON (#23) | GFC: 7 | STATUS: WARNING: HIGH G-LOAD
[10:25:29.398] ALBON (#23) | GFC: 10 | STATUS: WARNING: HIGH G-LOAD
[10:25:37.117] ALBON (#23) | GFC: 11 | STATUS: WARNING: HIGH G-LOAD
[10:26:18.524] ALBON (#23) | GFC: 10 | STATUS: NOMINAL
[10:26:41.711] TEST_BENCH (#0) | GFC: 10 | STATUS: CRITICAL: POSSIBLE IMPACT DETECTED - NOTIFY MEDICAL
[14:37:51.704] SAINZ (#55) | FTM: 35 | STATUS: NOMINAL
[14:38:01.022] TEST_BENCH (#0) | FTM: 99 | STATUS: WARNING: FUEL OVERHEATING
[15:01:30.871] TEST_BENCH (#0) | spd: 300 | STATUS: NOMINAL
[15:01:37.165] TEST_BENCH (#0) | spd: 390 | STATUS: WARNING: OVERSPEED
[15:01:47.697] TEST_BENCH (#0) | brk: 100 | STATUS: NOMINAL
[15:01:51.858] TEST_BENCH (#0) | brk: 130 | STATUS: WARNING: EXTREME BRAKING - CHECK WEAR
[15:02:04.829] TEST_BENCH (#0) | rpm: 13000 | STATUS: NOMINAL
[15:02:10.854] TEST_BENCH (#0) | rpm: 14900 | STATUS: WARNING: REDLINE - SHIFT IMMEDIATELY
[15:02:19.559] TEST_BENCH (#0) | ftm: 88 | STATUS: NOMINAL
[15:02:23.847] TEST_BENCH (#0) | ftm: 99 | STATUS: NOMINAL
[15:02:38.984] TEST_BENCH (#0) | tyr: 50 | STATUS: WARNING: TYRE COLD - LOW GRIP
[15:02:45.050] TEST_BENCH (#0) | tyr: 120 | STATUS: WARNING: TYRE OVERHEAT - REDUCE SLIDING
[15:02:52.786] TEST_BENCH (#0) | tyr: 100 | STATUS: NOMINAL
[15:03:00.491] TEST_BENCH (#0) | gfc: 5 | STATUS: NOMINAL
[15:03:04.486] TEST_BENCH (#0) | gfc: 7 | STATUS: WARNING: HIGH G-LOAD
[15:03:08.494] TEST_BENCH (#0) | gfc: 15 | STATUS: CRITICAL: POSSIBLE IMPACT DETECTED - NOTIFY MEDICAL
[15:03:15.668] TEST_BENCH (#0) | ers: 99 | STATUS: NOMINAL
[15:03:19.040] TEST_BENCH (#0) | ers: 8 | STATUS: WARNING: ERS LOW - DEPLOYMENT LIMITED
[15:07:05.201] TEST_BENCH (#0) | ftm: 99 | STATUS: WARNING: FUEL OVERHEATING
[15:07:09.601] TEST_BENCH (#0) | ftm: 80 | STATUS: CAUTION: HIGH FUEL TEMP
[15:09:15.976] SAINZ (#55) | spd: 300 | STATUS: NOMINAL
[15:09:20.953] SAINZ (#55) | spd: 380 | STATUS: WARNING: OVERSPEED
[2026-01-28 15:13:48.292] TEST_BENCH | spd: 67 | STATUS: NOMINAL
[2026-01-28 | 15:31:20.330] SAINZ | spd: 250 | STATUS: NOMINAL
[2026-01-28 | 15:41:38.089] SAINZ | spd: 99 | STATUS: NOMINAL
[2026-01-28 | 15:49:11.313] ALBON (#23) | tyr: 88 | STATUS: NOMINAL
[2026-01-28 | 15:49:25.283] ALBON (#23) | spd: 299 | STATUS: NOMINAL
[2026-01-28 | 15:58:18.359] ALBON (#23) | spd: 99 | STATUS: NOMINAL | FUEL: 98.0%
[2026-01-28 | 15:58:27.974] SAINZ (#55) | spd: 89 | STATUS: NOMINAL | FUEL: 98.0%
[2026-01-28 | 15:58:32.316] TEST_BENCH (#0) | spd: 45 | STATUS: NOMINAL | FUEL: 98.0%
[2026-01-28 | 16:02:25.564] ALBON (#23) | spd: 390 | STATUS: WARNING: OVERSPEED | FUEL: 95.0%
[2026-01-28 | 16:02:32.418] SAINZ (#55) | gfc: 8 | STATUS: WARNING: HIGH G-LOAD | FUEL: 97.5%
[2026-01-28 | 16:02:41.397] TEST_BENCH (#0) | rpm: 14900 | STATUS: WARNING: REDLINE - SHIFT IMMEDIATELY | FUEL: 97.5%
[2026-01-28 | 16:12:49.273] TEST_BENCH (#0) | spd: 123 | STATUS: NOMINAL | FUEL: 93.0%
[2026-01-28 | 16:12:59.521] SAINZ (#55) | tyr: 88 | STATUS: NOMINAL | FUEL: 95.5%
[2026-01-28 | 16:13:06.209] ALBON (#23) | gfc: 8 | STATUS: WARNING: HIGH G-LOAD | FUEL: 95.5%
[2026-01-29 | 18:38:23.584] ALBON (#23) | brk: 160 | STATUS: WARNING: EXTREME BRAKING - CHECK WEAR | FUEL: 95.5%
[2026-01-29 | 18:39:00.726] ALBON (#23) | spd: 300 | STATUS: NOMINAL | FUEL: 88.5%
[2026-01-29 | 18:39:08.710] SAINZ (#55) | spd: 320 | STATUS: NOMINAL | FUEL: 93.0%
[2026-01-29 | 18:39:15.487] SAINZ (#55) | brk: 130 | STATUS: WARNING: EXTREME BRAKING - CHECK WEAR | FUEL: 88.5%
[2026-01-29 | 18:39:27.886] TEST_BENCH (#0) | gfc: 10 | STATUS: CRITICAL: POSSIBLE IMPACT DETECTED - NOTIFY MEDICAL | FUEL: 95.5%
[2026-03-04 | 20:54:57.283] SAINZ (#55) | spd: 6 | STATUS: NOMINAL | FUEL: 93.0%
